<?xml version="1.0" encoding="UTF-8"?>
<!-- Generated by org.testng.reporters.JUnitReportReporter -->
<testsuite skipped="0" hostname="L1016967" name="testcases.memo.MemoCreateTest" tests="1" failures="0" timestamp="30 Aug 2018 14:57:44 GMT" time="24.859" errors="0">
  <testcase name="createNewMemo" time="24.859" classname="testcases.memo.MemoCreateTest"/>
</testsuite> <!-- testcases.memo.MemoCreateTest -->
