<?xml version="1.0" encoding="UTF-8"?>
<!-- Generated by org.testng.reporters.JUnitReportReporter -->
<testsuite skipped="0" hostname="L1016967" name="testcases.memo.MemoDisplayTest" tests="3" failures="0" timestamp="30 Aug 2018 14:57:44 GMT" time="14.226" errors="0">
  <testcase name="displayMyMemo" time="6.722" classname="testcases.memo.MemoDisplayTest"/>
  <testcase name="displayAddedCatMemo" time="4.130" classname="testcases.memo.MemoDisplayTest"/>
  <testcase name="displayAllMemo" time="3.374" classname="testcases.memo.MemoDisplayTest"/>
</testsuite> <!-- testcases.memo.MemoDisplayTest -->
