<?xml version="1.0" encoding="UTF-8"?>
<!-- Generated by org.testng.reporters.JUnitReportReporter -->
<testsuite skipped="0" hostname="L1016967" name="testcases.memo.CategoryMemoCreateTest" tests="2" failures="0" timestamp="30 Aug 2018 14:57:44 GMT" time="53.846" errors="0">
  <testcase name="createNewCategory" time="20.539" classname="testcases.memo.CategoryMemoCreateTest"/>
  <testcase name="addMemoToCategory" time="33.307" classname="testcases.memo.CategoryMemoCreateTest"/>
</testsuite> <!-- testcases.memo.CategoryMemoCreateTest -->
